c:\users\debian\desktop\socketclient\client\debug\vc120.pdb
c:\users\debian\desktop\socketclient\client\debug\vc120.idb
c:\users\debian\desktop\socketclient\client\debug\main.obj
c:\users\debian\desktop\socketclient\client\debug\view.obj
c:\users\debian\desktop\socketclient\debug\client.ilk
c:\users\debian\desktop\socketclient\debug\client.exe
c:\users\debian\desktop\socketclient\debug\client.pdb
c:\users\hai\desktop\student manager\studentmanagerv5\socketclient\client\debug\main.obj
c:\users\hai\desktop\student manager\studentmanagerv5\socketclient\client\debug\view.obj
c:\users\hai\desktop\student manager\studentmanagerv5\socketclient\client\debug\vc120.idb
c:\users\hai\desktop\student manager\studentmanagerv5\socketclient\client\debug\vc120.pdb
c:\users\hai\desktop\student manager\studentmanagerv5\socketclient\debug\client.pdb
c:\users\hai\desktop\student manager\studentmanagerv5\socketclient\debug\client.exe
c:\users\hai\desktop\student manager\studentmanagerv5\socketclient\debug\client.ilk
c:\users\hai\desktop\student manager\studentmanagerv5\socketclient\client\debug\client.tlog\cl.command.1.tlog
c:\users\hai\desktop\student manager\studentmanagerv5\socketclient\client\debug\client.tlog\cl.read.1.tlog
c:\users\hai\desktop\student manager\studentmanagerv5\socketclient\client\debug\client.tlog\cl.write.1.tlog
c:\users\hai\desktop\student manager\studentmanagerv5\socketclient\client\debug\client.tlog\link.command.1.tlog
c:\users\hai\desktop\student manager\studentmanagerv5\socketclient\client\debug\client.tlog\link.read.1.tlog
c:\users\hai\desktop\student manager\studentmanagerv5\socketclient\client\debug\client.tlog\link.write.1.tlog
