bk1	bk08	Ad1	1	1	1	3	5
bk2	bk09	Ad2	1	2	4	4	10
bk3	bk03	Ad3	1	3	7	5	15
bk6	bk06	Ad6	1	6	2	8	16
bk15	bk16	nh1	3	6	5	5	16
p	bk58	hn1	3	6	5	5	16
p	bk68	hn1	3	6	5	5	16
bk5	bk07	Ad5	1	5	5	7	17
bk10	bk11	zh1	3	7	5	5	17
bk16	bk17	mh2	1	6	4	7	17
bk18	bk13	kh4	1	6	4	7	17
k	bk51	th1	1	7	5	5	17
q	bk59	th2	3	6	4	7	17
u	bk53	th4	1	6	4	7	17
k	bk61	th1	1	7	5	5	17
q	bk69	th2	3	6	4	7	17
u	bk64	th4	1	6	4	7	17
bk4	bk02	Ad4	1	4	8	6	18
bk11	bk14	xh2	1	7	4	7	18
bk13	bk20	vh4	1	7	4	7	18
bk17	bk18	lh3	2	6	7	5	18
l	bk55	th2	2	7	4	7	18
n	bk57	th4	1	7	4	7	18
t	bk54	hn3	2	6	7	5	18
l	bk63	th2	2	7	4	7	18
n	bk66	th4	1	7	4	7	18
t	bk65	hn3	2	6	7	5	18
bk7	bk05	Ad7	1	7	3	9	19
bk12	bk19	ch3	2	7	7	5	19
m	bk56	hn3	3	7	7	5	19
m	bk67	hn3	3	7	7	5	19
bk19	bk12	jh5	2	6	9	5	20
p	bk31	hn5	1	8	7	5	20
f	bk41	th5	3	8	7	5	20
v	bk52	hn5	2	6	9	5	20
v	bk62	hn5	2	6	9	5	20
f	bk74	th5	3	8	7	5	20
p	bk81	hn5	1	8	7	5	20
bk14	bk15	bh5	2	7	9	5	21
k	bk39	hn5	1	8	8	5	21
n	bk35	th3	1	9	7	5	21
a	bk47	th5	2	8	8	5	21
d	bk49	th3	2	9	7	5	21
o	bk60	th5	2	7	9	5	21
o	bk70	th5	2	7	9	5	21
a	bk76	th5	2	8	8	5	21
d	bk80	th3	2	9	7	5	21
k	bk90	hn5	1	8	8	5	21
n	bk88	th3	1	9	7	5	21
p	bk28	wh2	1	9	4	9	22
s	bk26	ah4	1	9	4	9	22
g	bk25	fh2	1	9	4	9	22
j	bk23	hh4	1	9	4	9	22
j	bk37	th3	2	9	8	5	22
l	bk38	hn1	1	10	7	5	22
y	bk44	hn3	1	9	8	5	22
b	bk42	th1	2	10	7	5	22
y	bk72	hn3	1	9	8	5	22
b	bk79	th1	2	10	7	5	22
j	bk86	th3	2	9	8	5	22
l	bk89	hn1	1	10	7	5	22
p	bk92	wh2	1	9	4	9	22
s	bk96	ah4	1	9	4	9	22
g	bk95	fh2	1	9	4	9	22
j	bk99	hh4	1	9	4	9	22
g	bk32	th1	1	10	8	5	23
m	bk36	th2	1	9	7	7	23
o	bk34	th4	2	9	7	7	23
w	bk46	th1	1	10	8	5	23
c	bk48	hn2	2	9	7	7	23
e	bk50	hn4	3	9	7	7	23
w	bk71	th1	1	10	8	5	23
c	bk78	hn2	2	9	7	7	23
e	bk75	hn4	3	9	7	7	23
g	bk84	th1	1	10	8	5	23
m	bk83	th2	1	9	7	7	23
o	bk87	th4	2	9	7	7	23
bk8	bk04	Ad8	1	8	6	10	24
o	bk21	eh1	3	10	5	9	24
f	bk30	dh1	3	10	5	9	24
h	bk33	hn2	2	9	8	7	24
i	bk40	th4	1	9	8	7	24
x	bk45	th2	1	9	8	7	24
z	bk43	hn4	1	9	8	7	24
x	bk73	th2	1	9	8	7	24
z	bk77	hn4	1	9	8	7	24
h	bk85	hn2	2	9	8	7	24
i	bk82	th4	1	9	8	7	24
f	bk94	dh1	3	10	5	9	24
a	bk27	qh3	2	9	7	9	25
h	bk24	gh3	2	9	7	9	25
a	bk98	qh3	2	9	7	9	25
h	bk93	gh3	2	9	7	9	25
d	bk29	sh5	2	8	9	9	26
k	bk22	jh5	2	8	9	9	26
d	bk97	sh5	2	8	9	9	26
k	bk91	jh5	2	8	9	9	26
bk9	bk01	Ad9	1	9	8.5	9.5	27
bk10	bk10	Ad10	1	10	8.5	9.5	28
