c:\users\hai\desktop\soft - week 3\consoleapplication2\consoleapplication2\debug\vc120.pdb
c:\users\hai\desktop\soft - week 3\consoleapplication2\consoleapplication2\debug\vc120.idb
c:\users\hai\desktop\soft - week 3\consoleapplication2\consoleapplication2\debug\source.obj
c:\users\hai\desktop\soft - week 3\consoleapplication2\consoleapplication2\debug\view.obj
c:\users\hai\desktop\soft - week 3\consoleapplication2\debug\consoleapplication2.ilk
c:\users\hai\desktop\soft - week 3\consoleapplication2\debug\consoleapplication2.exe
c:\users\hai\desktop\soft - week 3\consoleapplication2\debug\consoleapplication2.pdb
c:\users\hai\desktop\student manager\studentmanagerv6\consoleapplication1\consoleapplication2\debug\source.obj
c:\users\hai\desktop\student manager\studentmanagerv6\consoleapplication1\consoleapplication2\debug\view.obj
c:\users\hai\desktop\student manager\studentmanagerv6\consoleapplication1\consoleapplication2\debug\vc120.idb
c:\users\hai\desktop\student manager\studentmanagerv6\consoleapplication1\consoleapplication2\debug\vc120.pdb
c:\users\hai\desktop\student manager\studentmanagerv6\consoleapplication1\debug\consoleapplication2.pdb
c:\users\hai\desktop\student manager\studentmanagerv6\consoleapplication1\debug\consoleapplication2.exe
c:\users\hai\desktop\student manager\studentmanagerv6\consoleapplication1\debug\consoleapplication2.ilk
c:\users\hai\desktop\student manager\studentmanagerv6\consoleapplication1\consoleapplication2\debug\consolea.7811f4dc.tlog\cl.command.1.tlog
c:\users\hai\desktop\student manager\studentmanagerv6\consoleapplication1\consoleapplication2\debug\consolea.7811f4dc.tlog\cl.read.1.tlog
c:\users\hai\desktop\student manager\studentmanagerv6\consoleapplication1\consoleapplication2\debug\consolea.7811f4dc.tlog\cl.write.1.tlog
c:\users\hai\desktop\student manager\studentmanagerv6\consoleapplication1\consoleapplication2\debug\consolea.7811f4dc.tlog\link.command.1.tlog
c:\users\hai\desktop\student manager\studentmanagerv6\consoleapplication1\consoleapplication2\debug\consolea.7811f4dc.tlog\link.read.1.tlog
c:\users\hai\desktop\student manager\studentmanagerv6\consoleapplication1\consoleapplication2\debug\consolea.7811f4dc.tlog\link.write.1.tlog
