c:\users\debian\desktop\socketserver\server\debug\vc120.pdb
c:\users\debian\desktop\socketserver\server\debug\vc120.idb
c:\users\debian\desktop\socketserver\server\debug\controller.obj
c:\users\debian\desktop\socketserver\server\debug\model.obj
c:\users\debian\desktop\socketserver\server\debug\student.obj
c:\users\debian\desktop\socketserver\server\debug\view.obj
c:\users\debian\desktop\socketserver\debug\server.ilk
c:\users\debian\desktop\socketserver\debug\server.exe
c:\users\debian\desktop\socketserver\debug\server.pdb
c:\users\hai\desktop\student manager\studentmanagerv5\socketserver\server\debug\controller.obj
c:\users\hai\desktop\student manager\studentmanagerv5\socketserver\server\debug\model.obj
c:\users\hai\desktop\student manager\studentmanagerv5\socketserver\server\debug\student.obj
c:\users\hai\desktop\student manager\studentmanagerv5\socketserver\server\debug\view.obj
c:\users\hai\desktop\student manager\studentmanagerv5\socketserver\server\debug\vc120.idb
c:\users\hai\desktop\student manager\studentmanagerv5\socketserver\server\debug\vc120.pdb
c:\users\hai\desktop\student manager\studentmanagerv5\socketserver\debug\server.pdb
c:\users\hai\desktop\student manager\studentmanagerv5\socketserver\debug\server.exe
c:\users\hai\desktop\student manager\studentmanagerv5\socketserver\debug\server.ilk
c:\users\hai\desktop\student manager\studentmanagerv5\socketserver\server\debug\server.tlog\cl.command.1.tlog
c:\users\hai\desktop\student manager\studentmanagerv5\socketserver\server\debug\server.tlog\cl.read.1.tlog
c:\users\hai\desktop\student manager\studentmanagerv5\socketserver\server\debug\server.tlog\cl.write.1.tlog
c:\users\hai\desktop\student manager\studentmanagerv5\socketserver\server\debug\server.tlog\link.command.1.tlog
c:\users\hai\desktop\student manager\studentmanagerv5\socketserver\server\debug\server.tlog\link.read.1.tlog
c:\users\hai\desktop\student manager\studentmanagerv5\socketserver\server\debug\server.tlog\link.write.1.tlog
